[0.057s] DEBUG:colcon:Command line arguments: ['/usr/bin/colcon', 'build']
[0.057s] DEBUG:colcon:Parsed command line arguments: Namespace(log_base=None, log_level=None, verb_name='build', build_base='build', install_base='install', merge_install=False, symlink_install=False, test_result_base=None, continue_on_error=False, executor='parallel', parallel_workers=20, event_handlers=None, ignore_user_meta=False, metas=['./colcon.meta'], base_paths=['.'], packages_ignore=None, packages_ignore_regex=None, paths=None, packages_up_to=None, packages_up_to_regex=None, packages_above=None, packages_above_and_dependencies=None, packages_above_depth=None, packages_select_by_dep=None, packages_skip_by_dep=None, packages_skip_up_to=None, packages_select_build_failed=False, packages_skip_build_finished=False, packages_select_test_failures=False, packages_skip_test_passed=False, packages_select=None, packages_skip=None, packages_select_regex=None, packages_skip_regex=None, packages_start=None, packages_end=None, allow_overriding=[], cmake_args=None, cmake_target=None, cmake_target_skip_unavailable=False, cmake_clean_cache=False, cmake_clean_first=False, cmake_force_configure=False, ament_cmake_args=None, catkin_cmake_args=None, catkin_skip_building_tests=False, mixin_files=None, mixin=None, verb_parser=<colcon_mixin.mixin.mixin_argument.MixinArgumentDecorator object at 0x750c4e90ed70>, verb_extension=<colcon_core.verb.build.BuildVerb object at 0x750c4e90e500>, main=<bound method BuildVerb.main of <colcon_core.verb.build.BuildVerb object at 0x750c4e90e500>>, mixin_verb=('build',))
[0.139s] Level 1:colcon.colcon_core.package_discovery:discover_packages(colcon_meta) check parameters
[0.139s] Level 1:colcon.colcon_core.package_discovery:discover_packages(recursive) check parameters
[0.139s] Level 1:colcon.colcon_core.package_discovery:discover_packages(ignore) check parameters
[0.139s] Level 1:colcon.colcon_core.package_discovery:discover_packages(path) check parameters
[0.139s] Level 1:colcon.colcon_core.package_discovery:discover_packages(colcon_meta) discover
[0.139s] Level 1:colcon.colcon_core.package_discovery:discover_packages(recursive) discover
[0.139s] INFO:colcon.colcon_core.package_discovery:Crawling recursively for packages in '/home/tyjt/message/stamp_markerarray'
[0.139s] Level 1:colcon.colcon_core.package_identification:_identify(.) by extensions ['ignore', 'ignore_ament_install']
[0.140s] Level 1:colcon.colcon_core.package_identification:_identify(.) by extension 'ignore'
[0.140s] Level 1:colcon.colcon_core.package_identification:_identify(.) by extension 'ignore_ament_install'
[0.140s] Level 1:colcon.colcon_core.package_identification:_identify(.) by extensions ['colcon_pkg']
[0.140s] Level 1:colcon.colcon_core.package_identification:_identify(.) by extension 'colcon_pkg'
[0.140s] Level 1:colcon.colcon_core.package_identification:_identify(.) by extensions ['colcon_meta']
[0.140s] Level 1:colcon.colcon_core.package_identification:_identify(.) by extension 'colcon_meta'
[0.140s] Level 1:colcon.colcon_core.package_identification:_identify(.) by extensions ['ros']
[0.140s] Level 1:colcon.colcon_core.package_identification:_identify(.) by extension 'ros'
[0.147s] DEBUG:colcon.colcon_core.package_identification:Package '.' with type 'ros.ament_cmake' and name 'stamp_markerarray'
[0.147s] Level 1:colcon.colcon_core.package_discovery:discover_packages(recursive) using defaults
[0.147s] Level 1:colcon.colcon_core.package_discovery:discover_packages(ignore) discover
[0.147s] Level 1:colcon.colcon_core.package_discovery:discover_packages(ignore) using defaults
[0.147s] Level 1:colcon.colcon_core.package_discovery:discover_packages(path) discover
[0.147s] Level 1:colcon.colcon_core.package_discovery:discover_packages(path) using defaults
[0.163s] Level 1:colcon.colcon_core.package_discovery:discover_packages(prefix_path) check parameters
[0.163s] Level 1:colcon.colcon_core.package_discovery:discover_packages(prefix_path) discover
[0.165s] DEBUG:colcon.colcon_installed_package_information.package_discovery:Found 285 installed packages in /opt/ros/iron
[0.165s] Level 1:colcon.colcon_core.package_discovery:discover_packages(prefix_path) using defaults
[0.185s] Level 5:colcon.colcon_core.verb:set package 'stamp_markerarray' build argument 'cmake_args' from command line to 'None'
[0.185s] Level 5:colcon.colcon_core.verb:set package 'stamp_markerarray' build argument 'cmake_target' from command line to 'None'
[0.185s] Level 5:colcon.colcon_core.verb:set package 'stamp_markerarray' build argument 'cmake_target_skip_unavailable' from command line to 'False'
[0.185s] Level 5:colcon.colcon_core.verb:set package 'stamp_markerarray' build argument 'cmake_clean_cache' from command line to 'False'
[0.185s] Level 5:colcon.colcon_core.verb:set package 'stamp_markerarray' build argument 'cmake_clean_first' from command line to 'False'
[0.185s] Level 5:colcon.colcon_core.verb:set package 'stamp_markerarray' build argument 'cmake_force_configure' from command line to 'False'
[0.185s] Level 5:colcon.colcon_core.verb:set package 'stamp_markerarray' build argument 'ament_cmake_args' from command line to 'None'
[0.185s] Level 5:colcon.colcon_core.verb:set package 'stamp_markerarray' build argument 'catkin_cmake_args' from command line to 'None'
[0.185s] Level 5:colcon.colcon_core.verb:set package 'stamp_markerarray' build argument 'catkin_skip_building_tests' from command line to 'False'
[0.185s] DEBUG:colcon.colcon_core.verb:Building package 'stamp_markerarray' with the following arguments: {'ament_cmake_args': None, 'build_base': '/home/tyjt/message/stamp_markerarray/build/stamp_markerarray', 'catkin_cmake_args': None, 'catkin_skip_building_tests': False, 'cmake_args': None, 'cmake_clean_cache': False, 'cmake_clean_first': False, 'cmake_force_configure': False, 'cmake_target': None, 'cmake_target_skip_unavailable': False, 'install_base': '/home/tyjt/message/stamp_markerarray/install/stamp_markerarray', 'merge_install': False, 'path': '/home/tyjt/message/stamp_markerarray', 'symlink_install': False, 'test_result_base': None}
[0.185s] INFO:colcon.colcon_core.executor:Executing jobs using 'parallel' executor
[0.185s] DEBUG:colcon.colcon_parallel_executor.executor.parallel:run_until_complete
[0.186s] INFO:colcon.colcon_ros.task.ament_cmake.build:Building ROS package in '/home/tyjt/message/stamp_markerarray' with build type 'ament_cmake'
[0.186s] INFO:colcon.colcon_cmake.task.cmake.build:Building CMake package in '/home/tyjt/message/stamp_markerarray'
[0.187s] INFO:colcon.colcon_core.plugin_system:Skipping extension 'colcon_core.shell.bat': Not used on non-Windows systems
[0.187s] INFO:colcon.colcon_core.shell:Skip shell extension 'powershell' for command environment: Not usable outside of PowerShell
[0.187s] DEBUG:colcon.colcon_core.shell:Skip shell extension 'dsv' for command environment
[0.191s] DEBUG:colcon.colcon_core.event_handler.log_command:Invoking command in '/home/tyjt/message/stamp_markerarray/build/stamp_markerarray': CMAKE_PREFIX_PATH=/opt/ros/iron /usr/bin/cmake /home/tyjt/message/stamp_markerarray -DCMAKE_INSTALL_PREFIX=/home/tyjt/message/stamp_markerarray/install/stamp_markerarray
[1.507s] DEBUG:colcon.colcon_core.event_handler.log_command:Invoked command in '/home/tyjt/message/stamp_markerarray/build/stamp_markerarray' returned '0': CMAKE_PREFIX_PATH=/opt/ros/iron /usr/bin/cmake /home/tyjt/message/stamp_markerarray -DCMAKE_INSTALL_PREFIX=/home/tyjt/message/stamp_markerarray/install/stamp_markerarray
[1.507s] DEBUG:colcon.colcon_core.event_handler.log_command:Invoking command in '/home/tyjt/message/stamp_markerarray/build/stamp_markerarray': CMAKE_PREFIX_PATH=/opt/ros/iron /usr/bin/cmake --build /home/tyjt/message/stamp_markerarray/build/stamp_markerarray -- -j20 -l20
[2.764s] DEBUG:colcon.colcon_core.event_handler.log_command:Invoked command in '/home/tyjt/message/stamp_markerarray/build/stamp_markerarray' returned '0': CMAKE_PREFIX_PATH=/opt/ros/iron /usr/bin/cmake --build /home/tyjt/message/stamp_markerarray/build/stamp_markerarray -- -j20 -l20
[2.803s] DEBUG:colcon.colcon_core.event_handler.log_command:Invoking command in '/home/tyjt/message/stamp_markerarray/build/stamp_markerarray': CMAKE_PREFIX_PATH=/opt/ros/iron /usr/bin/cmake --install /home/tyjt/message/stamp_markerarray/build/stamp_markerarray
[2.837s] Level 1:colcon.colcon_core.environment:create_environment_scripts_only(stamp_markerarray)
[2.837s] DEBUG:colcon.colcon_core.event_handler.log_command:Invoked command in '/home/tyjt/message/stamp_markerarray/build/stamp_markerarray' returned '0': CMAKE_PREFIX_PATH=/opt/ros/iron /usr/bin/cmake --install /home/tyjt/message/stamp_markerarray/build/stamp_markerarray
[2.838s] Level 1:colcon.colcon_core.environment:checking '/home/tyjt/message/stamp_markerarray/install/stamp_markerarray' for CMake module files
[2.838s] Level 1:colcon.colcon_core.environment:checking '/home/tyjt/message/stamp_markerarray/install/stamp_markerarray' for CMake config files
[2.839s] Level 1:colcon.colcon_core.shell:create_environment_hook('stamp_markerarray', 'cmake_prefix_path')
[2.839s] INFO:colcon.colcon_core.shell:Creating environment hook '/home/tyjt/message/stamp_markerarray/install/stamp_markerarray/share/stamp_markerarray/hook/cmake_prefix_path.ps1'
[2.839s] INFO:colcon.colcon_core.shell:Creating environment descriptor '/home/tyjt/message/stamp_markerarray/install/stamp_markerarray/share/stamp_markerarray/hook/cmake_prefix_path.dsv'
[2.839s] INFO:colcon.colcon_core.shell:Creating environment hook '/home/tyjt/message/stamp_markerarray/install/stamp_markerarray/share/stamp_markerarray/hook/cmake_prefix_path.sh'
[2.840s] Level 1:colcon.colcon_core.environment:checking '/home/tyjt/message/stamp_markerarray/install/stamp_markerarray/lib'
[2.840s] Level 1:colcon.colcon_core.shell:create_environment_hook('stamp_markerarray', 'ld_library_path_lib')
[2.840s] INFO:colcon.colcon_core.shell:Creating environment hook '/home/tyjt/message/stamp_markerarray/install/stamp_markerarray/share/stamp_markerarray/hook/ld_library_path_lib.ps1'
[2.840s] INFO:colcon.colcon_core.shell:Creating environment descriptor '/home/tyjt/message/stamp_markerarray/install/stamp_markerarray/share/stamp_markerarray/hook/ld_library_path_lib.dsv'
[2.840s] INFO:colcon.colcon_core.shell:Creating environment hook '/home/tyjt/message/stamp_markerarray/install/stamp_markerarray/share/stamp_markerarray/hook/ld_library_path_lib.sh'
[2.840s] Level 1:colcon.colcon_core.environment:checking '/home/tyjt/message/stamp_markerarray/install/stamp_markerarray/bin'
[2.840s] Level 1:colcon.colcon_core.environment:checking '/home/tyjt/message/stamp_markerarray/install/stamp_markerarray/lib/pkgconfig/stamp_markerarray.pc'
[2.841s] Level 1:colcon.colcon_core.environment:checking '/home/tyjt/message/stamp_markerarray/install/stamp_markerarray/lib/python3.10/site-packages'
[2.841s] Level 1:colcon.colcon_core.shell:create_environment_hook('stamp_markerarray', 'pythonpath')
[2.841s] INFO:colcon.colcon_core.shell:Creating environment hook '/home/tyjt/message/stamp_markerarray/install/stamp_markerarray/share/stamp_markerarray/hook/pythonpath.ps1'
[2.841s] INFO:colcon.colcon_core.shell:Creating environment descriptor '/home/tyjt/message/stamp_markerarray/install/stamp_markerarray/share/stamp_markerarray/hook/pythonpath.dsv'
[2.841s] INFO:colcon.colcon_core.shell:Creating environment hook '/home/tyjt/message/stamp_markerarray/install/stamp_markerarray/share/stamp_markerarray/hook/pythonpath.sh'
[2.841s] Level 1:colcon.colcon_core.environment:checking '/home/tyjt/message/stamp_markerarray/install/stamp_markerarray/bin'
[2.841s] INFO:colcon.colcon_core.shell:Creating package script '/home/tyjt/message/stamp_markerarray/install/stamp_markerarray/share/stamp_markerarray/package.ps1'
[2.842s] INFO:colcon.colcon_core.shell:Creating package descriptor '/home/tyjt/message/stamp_markerarray/install/stamp_markerarray/share/stamp_markerarray/package.dsv'
[2.842s] INFO:colcon.colcon_core.shell:Creating package script '/home/tyjt/message/stamp_markerarray/install/stamp_markerarray/share/stamp_markerarray/package.sh'
[2.842s] INFO:colcon.colcon_core.shell:Creating package script '/home/tyjt/message/stamp_markerarray/install/stamp_markerarray/share/stamp_markerarray/package.bash'
[2.843s] INFO:colcon.colcon_core.shell:Creating package script '/home/tyjt/message/stamp_markerarray/install/stamp_markerarray/share/stamp_markerarray/package.zsh'
[2.843s] Level 1:colcon.colcon_core.environment:create_file_with_runtime_dependencies(/home/tyjt/message/stamp_markerarray/install/stamp_markerarray/share/colcon-core/packages/stamp_markerarray)
[2.877s] Level 1:colcon.colcon_core.environment:create_environment_scripts_only(stamp_markerarray)
[2.877s] Level 1:colcon.colcon_core.environment:checking '/home/tyjt/message/stamp_markerarray/install/stamp_markerarray' for CMake module files
[2.878s] Level 1:colcon.colcon_core.environment:checking '/home/tyjt/message/stamp_markerarray/install/stamp_markerarray' for CMake config files
[2.878s] Level 1:colcon.colcon_core.shell:create_environment_hook('stamp_markerarray', 'cmake_prefix_path')
[2.879s] INFO:colcon.colcon_core.shell:Creating environment hook '/home/tyjt/message/stamp_markerarray/install/stamp_markerarray/share/stamp_markerarray/hook/cmake_prefix_path.ps1'
[2.879s] INFO:colcon.colcon_core.shell:Creating environment descriptor '/home/tyjt/message/stamp_markerarray/install/stamp_markerarray/share/stamp_markerarray/hook/cmake_prefix_path.dsv'
[2.879s] INFO:colcon.colcon_core.shell:Creating environment hook '/home/tyjt/message/stamp_markerarray/install/stamp_markerarray/share/stamp_markerarray/hook/cmake_prefix_path.sh'
[2.880s] Level 1:colcon.colcon_core.environment:checking '/home/tyjt/message/stamp_markerarray/install/stamp_markerarray/lib'
[2.880s] Level 1:colcon.colcon_core.shell:create_environment_hook('stamp_markerarray', 'ld_library_path_lib')
[2.880s] INFO:colcon.colcon_core.shell:Creating environment hook '/home/tyjt/message/stamp_markerarray/install/stamp_markerarray/share/stamp_markerarray/hook/ld_library_path_lib.ps1'
[2.880s] INFO:colcon.colcon_core.shell:Creating environment descriptor '/home/tyjt/message/stamp_markerarray/install/stamp_markerarray/share/stamp_markerarray/hook/ld_library_path_lib.dsv'
[2.881s] INFO:colcon.colcon_core.shell:Creating environment hook '/home/tyjt/message/stamp_markerarray/install/stamp_markerarray/share/stamp_markerarray/hook/ld_library_path_lib.sh'
[2.881s] Level 1:colcon.colcon_core.environment:checking '/home/tyjt/message/stamp_markerarray/install/stamp_markerarray/bin'
[2.881s] Level 1:colcon.colcon_core.environment:checking '/home/tyjt/message/stamp_markerarray/install/stamp_markerarray/lib/pkgconfig/stamp_markerarray.pc'
[2.881s] Level 1:colcon.colcon_core.environment:checking '/home/tyjt/message/stamp_markerarray/install/stamp_markerarray/lib/python3.10/site-packages'
[2.881s] Level 1:colcon.colcon_core.shell:create_environment_hook('stamp_markerarray', 'pythonpath')
[2.882s] INFO:colcon.colcon_core.shell:Creating environment hook '/home/tyjt/message/stamp_markerarray/install/stamp_markerarray/share/stamp_markerarray/hook/pythonpath.ps1'
[2.882s] INFO:colcon.colcon_core.shell:Creating environment descriptor '/home/tyjt/message/stamp_markerarray/install/stamp_markerarray/share/stamp_markerarray/hook/pythonpath.dsv'
[2.882s] INFO:colcon.colcon_core.shell:Creating environment hook '/home/tyjt/message/stamp_markerarray/install/stamp_markerarray/share/stamp_markerarray/hook/pythonpath.sh'
[2.883s] Level 1:colcon.colcon_core.environment:checking '/home/tyjt/message/stamp_markerarray/install/stamp_markerarray/bin'
[2.883s] INFO:colcon.colcon_core.shell:Creating package script '/home/tyjt/message/stamp_markerarray/install/stamp_markerarray/share/stamp_markerarray/package.ps1'
[2.884s] INFO:colcon.colcon_core.shell:Creating package descriptor '/home/tyjt/message/stamp_markerarray/install/stamp_markerarray/share/stamp_markerarray/package.dsv'
[2.884s] INFO:colcon.colcon_core.shell:Creating package script '/home/tyjt/message/stamp_markerarray/install/stamp_markerarray/share/stamp_markerarray/package.sh'
[2.884s] INFO:colcon.colcon_core.shell:Creating package script '/home/tyjt/message/stamp_markerarray/install/stamp_markerarray/share/stamp_markerarray/package.bash'
[2.885s] INFO:colcon.colcon_core.shell:Creating package script '/home/tyjt/message/stamp_markerarray/install/stamp_markerarray/share/stamp_markerarray/package.zsh'
[2.885s] Level 1:colcon.colcon_core.environment:create_file_with_runtime_dependencies(/home/tyjt/message/stamp_markerarray/install/stamp_markerarray/share/colcon-core/packages/stamp_markerarray)
[2.885s] DEBUG:colcon.colcon_parallel_executor.executor.parallel:closing loop
[2.886s] DEBUG:colcon.colcon_parallel_executor.executor.parallel:loop closed
[2.886s] DEBUG:colcon.colcon_parallel_executor.executor.parallel:run_until_complete finished with '0'
[2.886s] DEBUG:colcon.colcon_core.event_reactor:joining thread
[2.889s] INFO:colcon.colcon_core.plugin_system:Skipping extension 'colcon_notification.desktop_notification.terminal_notifier': Not used on non-Darwin systems
[2.889s] INFO:colcon.colcon_core.plugin_system:Skipping extension 'colcon_notification.desktop_notification.win32': Not used on non-Windows systems
[2.889s] INFO:colcon.colcon_notification.desktop_notification:Sending desktop notification using 'notify2'
[2.897s] DEBUG:colcon.colcon_core.event_reactor:joined thread
[2.897s] INFO:colcon.colcon_core.shell:Creating prefix script '/home/tyjt/message/stamp_markerarray/install/local_setup.ps1'
[2.898s] INFO:colcon.colcon_core.shell:Creating prefix util module '/home/tyjt/message/stamp_markerarray/install/_local_setup_util_ps1.py'
[2.899s] INFO:colcon.colcon_core.shell:Creating prefix chain script '/home/tyjt/message/stamp_markerarray/install/setup.ps1'
[2.899s] INFO:colcon.colcon_core.shell:Creating prefix script '/home/tyjt/message/stamp_markerarray/install/local_setup.sh'
[2.900s] INFO:colcon.colcon_core.shell:Creating prefix util module '/home/tyjt/message/stamp_markerarray/install/_local_setup_util_sh.py'
[2.900s] INFO:colcon.colcon_core.shell:Creating prefix chain script '/home/tyjt/message/stamp_markerarray/install/setup.sh'
[2.901s] INFO:colcon.colcon_core.shell:Creating prefix script '/home/tyjt/message/stamp_markerarray/install/local_setup.bash'
[2.901s] INFO:colcon.colcon_core.shell:Creating prefix chain script '/home/tyjt/message/stamp_markerarray/install/setup.bash'
[2.901s] INFO:colcon.colcon_core.shell:Creating prefix script '/home/tyjt/message/stamp_markerarray/install/local_setup.zsh'
[2.902s] INFO:colcon.colcon_core.shell:Creating prefix chain script '/home/tyjt/message/stamp_markerarray/install/setup.zsh'
