-- The C compiler identification is GNU 11.4.0
-- The CXX compiler identification is GNU 11.4.0
-- Detecting C compiler ABI info
-- Detecting C compiler ABI info - done
-- Check for working C compiler: /usr/bin/cc - skipped
-- Detecting C compile features
-- Detecting C compile features - done
-- Detecting CXX compiler ABI info
-- Detecting CXX compiler ABI info - done
-- Check for working CXX compiler: /usr/bin/c++ - skipped
-- Detecting CXX compile features
-- Detecting CXX compile features - done
-- Found ament_cmake: 2.0.6 (/opt/ros/iron/share/ament_cmake/cmake)
-- Found Python3: /usr/bin/python3.10 (found version "3.10.12") found components: Interpreter 
-- Found rosidl_default_generators: 1.5.0 (/opt/ros/iron/share/rosidl_default_generators/cmake)
-- Using all available rosidl_typesupport_c: rosidl_typesupport_fastrtps_c;rosidl_typesupport_introspection_c
-- Using all available rosidl_typesupport_cpp: rosidl_typesupport_fastrtps_cpp;rosidl_typesupport_introspection_cpp
-- Found rosidl_adapter: 4.0.1 (/opt/ros/iron/share/rosidl_adapter/cmake)
-- Found std_msgs: 5.0.1 (/opt/ros/iron/share/std_msgs/cmake)
-- Found sensor_msgs: 5.0.1 (/opt/ros/iron/share/sensor_msgs/cmake)
-- Found ament_cmake_ros: 0.11.2 (/opt/ros/iron/share/ament_cmake_ros/cmake)
-- Using all available rosidl_typesupport_c: rosidl_typesupport_fastrtps_c;rosidl_typesupport_introspection_c
-- Using all available rosidl_typesupport_cpp: rosidl_typesupport_fastrtps_cpp;rosidl_typesupport_introspection_cpp
-- Found PythonInterp: /usr/bin/python3 (found suitable version "3.10.12", minimum required is "3.6") 
-- Found python_cmake_module: 0.10.2 (/opt/ros/iron/share/python_cmake_module/cmake)
-- Found PythonLibs: /usr/lib/x86_64-linux-gnu/libpython3.10.so (found suitable version "3.10.12", minimum required is "3.5") 
-- Using PYTHON_EXECUTABLE: /usr/bin/python3
-- Using PYTHON_INCLUDE_DIRS: /usr/include/python3.10
-- Using PYTHON_LIBRARIES: /usr/lib/x86_64-linux-gnu/libpython3.10.so
-- Found PythonExtra: .so  
-- Found ament_lint_auto: 0.14.4 (/opt/ros/iron/share/ament_lint_auto/cmake)
-- Added test 'cppcheck' to perform static code analysis on C / C++ code
-- Configured cppcheck include dirs: $<BUILD_INTERFACE:/home/tyjt/message/pc_msg/build/pc_msg/rosidl_generator_c>;$<BUILD_INTERFACE:/home/tyjt/message/pc_msg/build/pc_msg/rosidl_typesupport_fastrtps_c>;$<BUILD_INTERFACE:/home/tyjt/message/pc_msg/build/pc_msg/rosidl_typesupport_introspection_c>;$<BUILD_INTERFACE:/home/tyjt/message/pc_msg/build/pc_msg/rosidl_generator_cpp>;$<BUILD_INTERFACE:/home/tyjt/message/pc_msg/build/pc_msg/rosidl_typesupport_fastrtps_cpp>;$<BUILD_INTERFACE:/home/tyjt/message/pc_msg/build/pc_msg/rosidl_typesupport_introspection_cpp>;/home/tyjt/message/pc_msg/build/pc_msg/rosidl_generator_c;/home/tyjt/message/pc_msg/build/pc_msg/rosidl_generator_py
-- Configured cppcheck exclude dirs and/or files: 
-- Added test 'flake8' to check Python code syntax and style conventions
-- Configured 'flake8' exclude dirs and/or files: 
-- Added test 'lint_cmake' to check CMake code style
-- Added test 'pep257' to check Python code against some of the docstring style conventions in PEP 257
-- Added test 'uncrustify' to check C / C++ code style
-- Configured uncrustify additional arguments: 
-- Added test 'xmllint' to check XML markup files
-- Configuring done
-- Generating done
-- Build files have been written to: /home/tyjt/message/pc_msg/build/pc_msg
[  2%] [34m[1mGenerating type hashes for ROS interfaces[0m
[  2%] Built target ament_cmake_python_copy_pc_msg
[  2%] Built target pc_msg__rosidl_generator_type_description
[  5%] [34m[1mGenerating C code for ROS interfaces[0m
[  8%] [34m[1mGenerating C++ code for ROS interfaces[0m
running egg_info
creating pc_msg.egg-info
writing pc_msg.egg-info/PKG-INFO
writing dependency_links to pc_msg.egg-info/dependency_links.txt
writing top-level names to pc_msg.egg-info/top_level.txt
writing manifest file 'pc_msg.egg-info/SOURCES.txt'
reading manifest file 'pc_msg.egg-info/SOURCES.txt'
writing manifest file 'pc_msg.egg-info/SOURCES.txt'
[  8%] Built target ament_cmake_python_build_pc_msg_egg
[  8%] Built target pc_msg__cpp
[ 11%] [32mBuilding C object CMakeFiles/pc_msg__rosidl_generator_c.dir/rosidl_generator_c/pc_msg/msg/detail/sync_pc__description.c.o[0m
[ 14%] [32mBuilding C object CMakeFiles/pc_msg__rosidl_generator_c.dir/rosidl_generator_c/pc_msg/msg/detail/sync_pc__functions.c.o[0m
[ 17%] [32mBuilding C object CMakeFiles/pc_msg__rosidl_generator_c.dir/rosidl_generator_c/pc_msg/msg/detail/sync_pc__type_support.c.o[0m
[ 20%] [32m[1mLinking C shared library libpc_msg__rosidl_generator_c.so[0m
[ 20%] Built target pc_msg__rosidl_generator_c
[ 23%] [34m[1mGenerating C++ type support dispatch for ROS interfaces[0m
[ 29%] [34m[1mGenerating C type support for eProsima Fast-RTPS[0m
[ 29%] [34m[1mGenerating C introspection for ROS interfaces[0m
[ 32%] [34m[1mGenerating C type support dispatch for ROS interfaces[0m
[ 35%] [34m[1mGenerating C++ type support for eProsima Fast-RTPS[0m
[ 38%] [34m[1mGenerating C++ introspection for ROS interfaces[0m
[ 44%] [32mBuilding CXX object CMakeFiles/pc_msg__rosidl_typesupport_c.dir/rosidl_typesupport_c/pc_msg/msg/sync_pc__type_support.cpp.o[0m
[ 44%] [32mBuilding CXX object CMakeFiles/pc_msg__rosidl_typesupport_cpp.dir/rosidl_typesupport_cpp/pc_msg/msg/sync_pc__type_support.cpp.o[0m
[ 47%] [32mBuilding CXX object CMakeFiles/pc_msg__rosidl_typesupport_introspection_cpp.dir/rosidl_typesupport_introspection_cpp/pc_msg/msg/detail/sync_pc__type_support.cpp.o[0m
[ 50%] [32mBuilding C object CMakeFiles/pc_msg__rosidl_typesupport_introspection_c.dir/rosidl_typesupport_introspection_c/pc_msg/msg/detail/sync_pc__type_support.c.o[0m
[ 52%] [32mBuilding CXX object CMakeFiles/pc_msg__rosidl_typesupport_fastrtps_c.dir/rosidl_typesupport_fastrtps_c/pc_msg/msg/detail/sync_pc__type_support_c.cpp.o[0m
[ 55%] [32mBuilding CXX object CMakeFiles/pc_msg__rosidl_typesupport_fastrtps_cpp.dir/rosidl_typesupport_fastrtps_cpp/pc_msg/msg/detail/dds_fastrtps/sync_pc__type_support.cpp.o[0m
[ 58%] [32m[1mLinking CXX shared library libpc_msg__rosidl_typesupport_c.so[0m
[ 61%] [32m[1mLinking C shared library libpc_msg__rosidl_typesupport_introspection_c.so[0m
[ 61%] Built target pc_msg__rosidl_typesupport_introspection_c
[ 61%] Built target pc_msg__rosidl_typesupport_c
[ 64%] [32m[1mLinking CXX shared library libpc_msg__rosidl_typesupport_fastrtps_c.so[0m
[ 67%] [32m[1mLinking CXX shared library libpc_msg__rosidl_typesupport_cpp.so[0m
[ 67%] Built target pc_msg__rosidl_typesupport_cpp
[ 67%] Built target pc_msg__rosidl_typesupport_fastrtps_c
[ 70%] [32m[1mLinking CXX shared library libpc_msg__rosidl_typesupport_introspection_cpp.so[0m
[ 73%] [32m[1mLinking CXX shared library libpc_msg__rosidl_typesupport_fastrtps_cpp.so[0m
[ 73%] Built target pc_msg__rosidl_typesupport_introspection_cpp
[ 73%] Built target pc_msg__rosidl_typesupport_fastrtps_cpp
[ 73%] Built target pc_msg
[ 76%] [34m[1mGenerating Python code for ROS interfaces[0m
[ 76%] Built target pc_msg__py
[ 79%] [32mBuilding C object CMakeFiles/pc_msg__rosidl_generator_py.dir/rosidl_generator_py/pc_msg/msg/_sync_pc_s.c.o[0m
[ 82%] [32m[1mLinking C shared library rosidl_generator_py/pc_msg/libpc_msg__rosidl_generator_py.so[0m
[ 82%] Built target pc_msg__rosidl_generator_py
[ 85%] [32mBuilding C object CMakeFiles/pc_msg__rosidl_typesupport_fastrtps_c__pyext.dir/rosidl_generator_py/pc_msg/_pc_msg_s.ep.rosidl_typesupport_fastrtps_c.c.o[0m
[ 88%] [32mBuilding C object CMakeFiles/pc_msg__rosidl_typesupport_introspection_c__pyext.dir/rosidl_generator_py/pc_msg/_pc_msg_s.ep.rosidl_typesupport_introspection_c.c.o[0m
[ 91%] [32mBuilding C object CMakeFiles/pc_msg__rosidl_typesupport_c__pyext.dir/rosidl_generator_py/pc_msg/_pc_msg_s.ep.rosidl_typesupport_c.c.o[0m
[100%] [32m[1mLinking C shared library rosidl_generator_py/pc_msg/pc_msg_s__rosidl_typesupport_fastrtps_c.cpython-310-x86_64-linux-gnu.so[0m
[100%] [32m[1mLinking C shared library rosidl_generator_py/pc_msg/pc_msg_s__rosidl_typesupport_introspection_c.cpython-310-x86_64-linux-gnu.so[0m
[100%] [32m[1mLinking C shared library rosidl_generator_py/pc_msg/pc_msg_s__rosidl_typesupport_c.cpython-310-x86_64-linux-gnu.so[0m
[100%] Built target pc_msg__rosidl_typesupport_c__pyext
[100%] Built target pc_msg__rosidl_typesupport_fastrtps_c__pyext
[100%] Built target pc_msg__rosidl_typesupport_introspection_c__pyext
-- Install configuration: ""
-- Installing: /home/tyjt/message/pc_msg/install/pc_msg/share/ament_index/resource_index/rosidl_interfaces/pc_msg
-- Installing: /home/tyjt/message/pc_msg/install/pc_msg/share/pc_msg/msg/SyncPc.json
-- Installing: /home/tyjt/message/pc_msg/install/pc_msg/include/pc_msg/pc_msg
-- Installing: /home/tyjt/message/pc_msg/install/pc_msg/include/pc_msg/pc_msg/msg
-- Installing: /home/tyjt/message/pc_msg/install/pc_msg/include/pc_msg/pc_msg/msg/detail
-- Installing: /home/tyjt/message/pc_msg/install/pc_msg/include/pc_msg/pc_msg/msg/detail/sync_pc__struct.h
-- Installing: /home/tyjt/message/pc_msg/install/pc_msg/include/pc_msg/pc_msg/msg/detail/sync_pc__type_support.c
-- Installing: /home/tyjt/message/pc_msg/install/pc_msg/include/pc_msg/pc_msg/msg/detail/sync_pc__description.c
-- Installing: /home/tyjt/message/pc_msg/install/pc_msg/include/pc_msg/pc_msg/msg/detail/sync_pc__functions.c
-- Installing: /home/tyjt/message/pc_msg/install/pc_msg/include/pc_msg/pc_msg/msg/detail/sync_pc__functions.h
-- Installing: /home/tyjt/message/pc_msg/install/pc_msg/include/pc_msg/pc_msg/msg/detail/sync_pc__type_support.h
-- Installing: /home/tyjt/message/pc_msg/install/pc_msg/include/pc_msg/pc_msg/msg/rosidl_generator_c__visibility_control.h
-- Installing: /home/tyjt/message/pc_msg/install/pc_msg/include/pc_msg/pc_msg/msg/sync_pc.h
-- Installing: /home/tyjt/message/pc_msg/install/pc_msg/share/pc_msg/environment/library_path.sh
-- Installing: /home/tyjt/message/pc_msg/install/pc_msg/share/pc_msg/environment/library_path.dsv
-- Installing: /home/tyjt/message/pc_msg/install/pc_msg/lib/libpc_msg__rosidl_generator_c.so
-- Set runtime path of "/home/tyjt/message/pc_msg/install/pc_msg/lib/libpc_msg__rosidl_generator_c.so" to ""
-- Up-to-date: /home/tyjt/message/pc_msg/install/pc_msg/include/pc_msg/pc_msg
-- Up-to-date: /home/tyjt/message/pc_msg/install/pc_msg/include/pc_msg/pc_msg/msg
-- Up-to-date: /home/tyjt/message/pc_msg/install/pc_msg/include/pc_msg/pc_msg/msg/detail
-- Installing: /home/tyjt/message/pc_msg/install/pc_msg/include/pc_msg/pc_msg/msg/detail/sync_pc__rosidl_typesupport_fastrtps_c.h
-- Installing: /home/tyjt/message/pc_msg/install/pc_msg/include/pc_msg/pc_msg/msg/rosidl_typesupport_fastrtps_c__visibility_control.h
-- Installing: /home/tyjt/message/pc_msg/install/pc_msg/lib/libpc_msg__rosidl_typesupport_fastrtps_c.so
-- Set runtime path of "/home/tyjt/message/pc_msg/install/pc_msg/lib/libpc_msg__rosidl_typesupport_fastrtps_c.so" to ""
-- Up-to-date: /home/tyjt/message/pc_msg/install/pc_msg/include/pc_msg/pc_msg
-- Up-to-date: /home/tyjt/message/pc_msg/install/pc_msg/include/pc_msg/pc_msg/msg
-- Installing: /home/tyjt/message/pc_msg/install/pc_msg/include/pc_msg/pc_msg/msg/rosidl_typesupport_introspection_c__visibility_control.h
-- Up-to-date: /home/tyjt/message/pc_msg/install/pc_msg/include/pc_msg/pc_msg/msg/detail
-- Installing: /home/tyjt/message/pc_msg/install/pc_msg/include/pc_msg/pc_msg/msg/detail/sync_pc__rosidl_typesupport_introspection_c.h
-- Up-to-date: /home/tyjt/message/pc_msg/install/pc_msg/include/pc_msg/pc_msg/msg/detail/sync_pc__type_support.c
-- Installing: /home/tyjt/message/pc_msg/install/pc_msg/lib/libpc_msg__rosidl_typesupport_introspection_c.so
-- Set runtime path of "/home/tyjt/message/pc_msg/install/pc_msg/lib/libpc_msg__rosidl_typesupport_introspection_c.so" to ""
-- Installing: /home/tyjt/message/pc_msg/install/pc_msg/lib/libpc_msg__rosidl_typesupport_c.so
-- Set runtime path of "/home/tyjt/message/pc_msg/install/pc_msg/lib/libpc_msg__rosidl_typesupport_c.so" to ""
-- Up-to-date: /home/tyjt/message/pc_msg/install/pc_msg/include/pc_msg/pc_msg
-- Up-to-date: /home/tyjt/message/pc_msg/install/pc_msg/include/pc_msg/pc_msg/msg
-- Up-to-date: /home/tyjt/message/pc_msg/install/pc_msg/include/pc_msg/pc_msg/msg/detail
-- Installing: /home/tyjt/message/pc_msg/install/pc_msg/include/pc_msg/pc_msg/msg/detail/sync_pc__builder.hpp
-- Installing: /home/tyjt/message/pc_msg/install/pc_msg/include/pc_msg/pc_msg/msg/detail/sync_pc__traits.hpp
-- Installing: /home/tyjt/message/pc_msg/install/pc_msg/include/pc_msg/pc_msg/msg/detail/sync_pc__struct.hpp
-- Installing: /home/tyjt/message/pc_msg/install/pc_msg/include/pc_msg/pc_msg/msg/sync_pc.hpp
-- Up-to-date: /home/tyjt/message/pc_msg/install/pc_msg/include/pc_msg/pc_msg
-- Up-to-date: /home/tyjt/message/pc_msg/install/pc_msg/include/pc_msg/pc_msg/msg
-- Installing: /home/tyjt/message/pc_msg/install/pc_msg/include/pc_msg/pc_msg/msg/rosidl_typesupport_fastrtps_cpp__visibility_control.h
-- Up-to-date: /home/tyjt/message/pc_msg/install/pc_msg/include/pc_msg/pc_msg/msg/detail
-- Installing: /home/tyjt/message/pc_msg/install/pc_msg/include/pc_msg/pc_msg/msg/detail/sync_pc__rosidl_typesupport_fastrtps_cpp.hpp
-- Installing: /home/tyjt/message/pc_msg/install/pc_msg/include/pc_msg/pc_msg/msg/detail/dds_fastrtps
-- Installing: /home/tyjt/message/pc_msg/install/pc_msg/lib/libpc_msg__rosidl_typesupport_fastrtps_cpp.so
-- Set runtime path of "/home/tyjt/message/pc_msg/install/pc_msg/lib/libpc_msg__rosidl_typesupport_fastrtps_cpp.so" to ""
-- Up-to-date: /home/tyjt/message/pc_msg/install/pc_msg/include/pc_msg/pc_msg
-- Up-to-date: /home/tyjt/message/pc_msg/install/pc_msg/include/pc_msg/pc_msg/msg
-- Up-to-date: /home/tyjt/message/pc_msg/install/pc_msg/include/pc_msg/pc_msg/msg/detail
-- Installing: /home/tyjt/message/pc_msg/install/pc_msg/include/pc_msg/pc_msg/msg/detail/sync_pc__type_support.cpp
-- Installing: /home/tyjt/message/pc_msg/install/pc_msg/include/pc_msg/pc_msg/msg/detail/sync_pc__rosidl_typesupport_introspection_cpp.hpp
-- Installing: /home/tyjt/message/pc_msg/install/pc_msg/lib/libpc_msg__rosidl_typesupport_introspection_cpp.so
-- Set runtime path of "/home/tyjt/message/pc_msg/install/pc_msg/lib/libpc_msg__rosidl_typesupport_introspection_cpp.so" to ""
-- Installing: /home/tyjt/message/pc_msg/install/pc_msg/lib/libpc_msg__rosidl_typesupport_cpp.so
-- Set runtime path of "/home/tyjt/message/pc_msg/install/pc_msg/lib/libpc_msg__rosidl_typesupport_cpp.so" to ""
-- Installing: /home/tyjt/message/pc_msg/install/pc_msg/share/pc_msg/environment/pythonpath.sh
-- Installing: /home/tyjt/message/pc_msg/install/pc_msg/share/pc_msg/environment/pythonpath.dsv
-- Installing: /home/tyjt/message/pc_msg/install/pc_msg/lib/python3.10/site-packages/pc_msg-0.0.0-py3.10.egg-info
-- Installing: /home/tyjt/message/pc_msg/install/pc_msg/lib/python3.10/site-packages/pc_msg-0.0.0-py3.10.egg-info/dependency_links.txt
-- Installing: /home/tyjt/message/pc_msg/install/pc_msg/lib/python3.10/site-packages/pc_msg-0.0.0-py3.10.egg-info/SOURCES.txt
-- Installing: /home/tyjt/message/pc_msg/install/pc_msg/lib/python3.10/site-packages/pc_msg-0.0.0-py3.10.egg-info/PKG-INFO
-- Installing: /home/tyjt/message/pc_msg/install/pc_msg/lib/python3.10/site-packages/pc_msg-0.0.0-py3.10.egg-info/top_level.txt
-- Installing: /home/tyjt/message/pc_msg/install/pc_msg/lib/python3.10/site-packages/pc_msg
-- Installing: /home/tyjt/message/pc_msg/install/pc_msg/lib/python3.10/site-packages/pc_msg/_pc_msg_s.ep.rosidl_typesupport_c.c
-- Installing: /home/tyjt/message/pc_msg/install/pc_msg/lib/python3.10/site-packages/pc_msg/_pc_msg_s.ep.rosidl_typesupport_introspection_c.c
-- Installing: /home/tyjt/message/pc_msg/install/pc_msg/lib/python3.10/site-packages/pc_msg/pc_msg_s__rosidl_typesupport_c.cpython-310-x86_64-linux-gnu.so
-- Installing: /home/tyjt/message/pc_msg/install/pc_msg/lib/python3.10/site-packages/pc_msg/pc_msg_s__rosidl_typesupport_fastrtps_c.cpython-310-x86_64-linux-gnu.so
-- Installing: /home/tyjt/message/pc_msg/install/pc_msg/lib/python3.10/site-packages/pc_msg/libpc_msg__rosidl_generator_py.so
-- Installing: /home/tyjt/message/pc_msg/install/pc_msg/lib/python3.10/site-packages/pc_msg/pc_msg_s__rosidl_typesupport_introspection_c.cpython-310-x86_64-linux-gnu.so
-- Installing: /home/tyjt/message/pc_msg/install/pc_msg/lib/python3.10/site-packages/pc_msg/_pc_msg_s.ep.rosidl_typesupport_fastrtps_c.c
-- Installing: /home/tyjt/message/pc_msg/install/pc_msg/lib/python3.10/site-packages/pc_msg/msg
-- Installing: /home/tyjt/message/pc_msg/install/pc_msg/lib/python3.10/site-packages/pc_msg/msg/_sync_pc_s.c
-- Installing: /home/tyjt/message/pc_msg/install/pc_msg/lib/python3.10/site-packages/pc_msg/msg/_sync_pc.py
-- Installing: /home/tyjt/message/pc_msg/install/pc_msg/lib/python3.10/site-packages/pc_msg/msg/__init__.py
-- Installing: /home/tyjt/message/pc_msg/install/pc_msg/lib/python3.10/site-packages/pc_msg/__init__.py
Listing '/home/tyjt/message/pc_msg/install/pc_msg/lib/python3.10/site-packages/pc_msg'...
Compiling '/home/tyjt/message/pc_msg/install/pc_msg/lib/python3.10/site-packages/pc_msg/__init__.py'...
Listing '/home/tyjt/message/pc_msg/install/pc_msg/lib/python3.10/site-packages/pc_msg/msg'...
Compiling '/home/tyjt/message/pc_msg/install/pc_msg/lib/python3.10/site-packages/pc_msg/msg/__init__.py'...
Compiling '/home/tyjt/message/pc_msg/install/pc_msg/lib/python3.10/site-packages/pc_msg/msg/_sync_pc.py'...
-- Installing: /home/tyjt/message/pc_msg/install/pc_msg/lib/python3.10/site-packages/pc_msg/pc_msg_s__rosidl_typesupport_fastrtps_c.cpython-310-x86_64-linux-gnu.so
-- Set runtime path of "/home/tyjt/message/pc_msg/install/pc_msg/lib/python3.10/site-packages/pc_msg/pc_msg_s__rosidl_typesupport_fastrtps_c.cpython-310-x86_64-linux-gnu.so" to ""
-- Installing: /home/tyjt/message/pc_msg/install/pc_msg/lib/python3.10/site-packages/pc_msg/pc_msg_s__rosidl_typesupport_introspection_c.cpython-310-x86_64-linux-gnu.so
-- Set runtime path of "/home/tyjt/message/pc_msg/install/pc_msg/lib/python3.10/site-packages/pc_msg/pc_msg_s__rosidl_typesupport_introspection_c.cpython-310-x86_64-linux-gnu.so" to ""
-- Installing: /home/tyjt/message/pc_msg/install/pc_msg/lib/python3.10/site-packages/pc_msg/pc_msg_s__rosidl_typesupport_c.cpython-310-x86_64-linux-gnu.so
-- Set runtime path of "/home/tyjt/message/pc_msg/install/pc_msg/lib/python3.10/site-packages/pc_msg/pc_msg_s__rosidl_typesupport_c.cpython-310-x86_64-linux-gnu.so" to ""
-- Installing: /home/tyjt/message/pc_msg/install/pc_msg/lib/libpc_msg__rosidl_generator_py.so
-- Set runtime path of "/home/tyjt/message/pc_msg/install/pc_msg/lib/libpc_msg__rosidl_generator_py.so" to ""
-- Installing: /home/tyjt/message/pc_msg/install/pc_msg/share/pc_msg/msg/SyncPc.idl
-- Installing: /home/tyjt/message/pc_msg/install/pc_msg/share/pc_msg/msg/SyncPc.msg
-- Installing: /home/tyjt/message/pc_msg/install/pc_msg/share/ament_index/resource_index/package_run_dependencies/pc_msg
-- Installing: /home/tyjt/message/pc_msg/install/pc_msg/share/ament_index/resource_index/parent_prefix_path/pc_msg
-- Installing: /home/tyjt/message/pc_msg/install/pc_msg/share/pc_msg/environment/ament_prefix_path.sh
-- Installing: /home/tyjt/message/pc_msg/install/pc_msg/share/pc_msg/environment/ament_prefix_path.dsv
-- Installing: /home/tyjt/message/pc_msg/install/pc_msg/share/pc_msg/environment/path.sh
-- Installing: /home/tyjt/message/pc_msg/install/pc_msg/share/pc_msg/environment/path.dsv
-- Installing: /home/tyjt/message/pc_msg/install/pc_msg/share/pc_msg/local_setup.bash
-- Installing: /home/tyjt/message/pc_msg/install/pc_msg/share/pc_msg/local_setup.sh
-- Installing: /home/tyjt/message/pc_msg/install/pc_msg/share/pc_msg/local_setup.zsh
-- Installing: /home/tyjt/message/pc_msg/install/pc_msg/share/pc_msg/local_setup.dsv
-- Installing: /home/tyjt/message/pc_msg/install/pc_msg/share/pc_msg/package.dsv
-- Installing: /home/tyjt/message/pc_msg/install/pc_msg/share/ament_index/resource_index/packages/pc_msg
-- Installing: /home/tyjt/message/pc_msg/install/pc_msg/share/pc_msg/cmake/export_pc_msg__rosidl_generator_cExport.cmake
-- Installing: /home/tyjt/message/pc_msg/install/pc_msg/share/pc_msg/cmake/export_pc_msg__rosidl_generator_cExport-noconfig.cmake
-- Installing: /home/tyjt/message/pc_msg/install/pc_msg/share/pc_msg/cmake/export_pc_msg__rosidl_typesupport_fastrtps_cExport.cmake
-- Installing: /home/tyjt/message/pc_msg/install/pc_msg/share/pc_msg/cmake/export_pc_msg__rosidl_typesupport_fastrtps_cExport-noconfig.cmake
-- Installing: /home/tyjt/message/pc_msg/install/pc_msg/share/pc_msg/cmake/pc_msg__rosidl_typesupport_introspection_cExport.cmake
-- Installing: /home/tyjt/message/pc_msg/install/pc_msg/share/pc_msg/cmake/pc_msg__rosidl_typesupport_introspection_cExport-noconfig.cmake
-- Installing: /home/tyjt/message/pc_msg/install/pc_msg/share/pc_msg/cmake/pc_msg__rosidl_typesupport_cExport.cmake
-- Installing: /home/tyjt/message/pc_msg/install/pc_msg/share/pc_msg/cmake/pc_msg__rosidl_typesupport_cExport-noconfig.cmake
-- Installing: /home/tyjt/message/pc_msg/install/pc_msg/share/pc_msg/cmake/export_pc_msg__rosidl_generator_cppExport.cmake
-- Installing: /home/tyjt/message/pc_msg/install/pc_msg/share/pc_msg/cmake/export_pc_msg__rosidl_typesupport_fastrtps_cppExport.cmake
-- Installing: /home/tyjt/message/pc_msg/install/pc_msg/share/pc_msg/cmake/export_pc_msg__rosidl_typesupport_fastrtps_cppExport-noconfig.cmake
-- Installing: /home/tyjt/message/pc_msg/install/pc_msg/share/pc_msg/cmake/pc_msg__rosidl_typesupport_introspection_cppExport.cmake
-- Installing: /home/tyjt/message/pc_msg/install/pc_msg/share/pc_msg/cmake/pc_msg__rosidl_typesupport_introspection_cppExport-noconfig.cmake
-- Installing: /home/tyjt/message/pc_msg/install/pc_msg/share/pc_msg/cmake/pc_msg__rosidl_typesupport_cppExport.cmake
-- Installing: /home/tyjt/message/pc_msg/install/pc_msg/share/pc_msg/cmake/pc_msg__rosidl_typesupport_cppExport-noconfig.cmake
-- Installing: /home/tyjt/message/pc_msg/install/pc_msg/share/pc_msg/cmake/export_pc_msg__rosidl_generator_pyExport.cmake
-- Installing: /home/tyjt/message/pc_msg/install/pc_msg/share/pc_msg/cmake/export_pc_msg__rosidl_generator_pyExport-noconfig.cmake
-- Installing: /home/tyjt/message/pc_msg/install/pc_msg/share/pc_msg/cmake/rosidl_cmake-extras.cmake
-- Installing: /home/tyjt/message/pc_msg/install/pc_msg/share/pc_msg/cmake/ament_cmake_export_dependencies-extras.cmake
-- Installing: /home/tyjt/message/pc_msg/install/pc_msg/share/pc_msg/cmake/ament_cmake_export_include_directories-extras.cmake
-- Installing: /home/tyjt/message/pc_msg/install/pc_msg/share/pc_msg/cmake/ament_cmake_export_libraries-extras.cmake
-- Installing: /home/tyjt/message/pc_msg/install/pc_msg/share/pc_msg/cmake/ament_cmake_export_targets-extras.cmake
-- Installing: /home/tyjt/message/pc_msg/install/pc_msg/share/pc_msg/cmake/rosidl_cmake_export_typesupport_targets-extras.cmake
-- Installing: /home/tyjt/message/pc_msg/install/pc_msg/share/pc_msg/cmake/rosidl_cmake_export_typesupport_libraries-extras.cmake
-- Installing: /home/tyjt/message/pc_msg/install/pc_msg/share/pc_msg/cmake/pc_msgConfig.cmake
-- Installing: /home/tyjt/message/pc_msg/install/pc_msg/share/pc_msg/cmake/pc_msgConfig-version.cmake
-- Installing: /home/tyjt/message/pc_msg/install/pc_msg/share/pc_msg/package.xml
