[0.053s] DEBUG:colcon:Command line arguments: ['/usr/bin/colcon', 'build', '--packages-select', 'pc_msg', '–merge-install']
[0.053s] DEBUG:colcon:Parsed command line arguments: Namespace(log_base=None, log_level=None, verb_name='build', build_base='build', install_base='install', merge_install=False, symlink_install=False, test_result_base=None, continue_on_error=False, executor='parallel', parallel_workers=20, event_handlers=None, ignore_user_meta=False, metas=['./colcon.meta'], base_paths=['.'], packages_ignore=None, packages_ignore_regex=None, paths=None, packages_up_to=None, packages_up_to_regex=None, packages_above=None, packages_above_and_dependencies=None, packages_above_depth=None, packages_select_by_dep=None, packages_skip_by_dep=None, packages_skip_up_to=None, packages_select_build_failed=False, packages_skip_build_finished=False, packages_select_test_failures=False, packages_skip_test_passed=False, packages_select=['pc_msg', '–merge-install'], packages_skip=None, packages_select_regex=None, packages_skip_regex=None, packages_start=None, packages_end=None, allow_overriding=[], cmake_args=None, cmake_target=None, cmake_target_skip_unavailable=False, cmake_clean_cache=False, cmake_clean_first=False, cmake_force_configure=False, ament_cmake_args=None, catkin_cmake_args=None, catkin_skip_building_tests=False, mixin_files=None, mixin=None, verb_parser=<colcon_mixin.mixin.mixin_argument.MixinArgumentDecorator object at 0x7b0ae11aadd0>, verb_extension=<colcon_core.verb.build.BuildVerb object at 0x7b0ae11aa560>, main=<bound method BuildVerb.main of <colcon_core.verb.build.BuildVerb object at 0x7b0ae11aa560>>, mixin_verb=('build',))
[0.130s] Level 1:colcon.colcon_core.package_discovery:discover_packages(colcon_meta) check parameters
[0.130s] Level 1:colcon.colcon_core.package_discovery:discover_packages(recursive) check parameters
[0.130s] Level 1:colcon.colcon_core.package_discovery:discover_packages(ignore) check parameters
[0.130s] Level 1:colcon.colcon_core.package_discovery:discover_packages(path) check parameters
[0.130s] Level 1:colcon.colcon_core.package_discovery:discover_packages(colcon_meta) discover
[0.130s] Level 1:colcon.colcon_core.package_discovery:discover_packages(recursive) discover
[0.130s] INFO:colcon.colcon_core.package_discovery:Crawling recursively for packages in '/home/tyjt/message/pc_msg'
[0.130s] Level 1:colcon.colcon_core.package_identification:_identify(.) by extensions ['ignore', 'ignore_ament_install']
[0.130s] Level 1:colcon.colcon_core.package_identification:_identify(.) by extension 'ignore'
[0.130s] Level 1:colcon.colcon_core.package_identification:_identify(.) by extension 'ignore_ament_install'
[0.130s] Level 1:colcon.colcon_core.package_identification:_identify(.) by extensions ['colcon_pkg']
[0.130s] Level 1:colcon.colcon_core.package_identification:_identify(.) by extension 'colcon_pkg'
[0.130s] Level 1:colcon.colcon_core.package_identification:_identify(.) by extensions ['colcon_meta']
[0.130s] Level 1:colcon.colcon_core.package_identification:_identify(.) by extension 'colcon_meta'
[0.130s] Level 1:colcon.colcon_core.package_identification:_identify(.) by extensions ['ros']
[0.130s] Level 1:colcon.colcon_core.package_identification:_identify(.) by extension 'ros'
[0.137s] DEBUG:colcon.colcon_core.package_identification:Package '.' with type 'ros.ament_cmake' and name 'pc_msg'
[0.137s] Level 1:colcon.colcon_core.package_discovery:discover_packages(recursive) using defaults
[0.137s] Level 1:colcon.colcon_core.package_discovery:discover_packages(ignore) discover
[0.137s] Level 1:colcon.colcon_core.package_discovery:discover_packages(ignore) using defaults
[0.137s] Level 1:colcon.colcon_core.package_discovery:discover_packages(path) discover
[0.137s] Level 1:colcon.colcon_core.package_discovery:discover_packages(path) using defaults
[0.137s] WARNING:colcon.colcon_core.package_selection:ignoring unknown package '–merge-install' in --packages-select
[0.152s] Level 1:colcon.colcon_core.package_discovery:discover_packages(prefix_path) check parameters
[0.152s] Level 1:colcon.colcon_core.package_discovery:discover_packages(prefix_path) discover
[0.153s] DEBUG:colcon.colcon_installed_package_information.package_discovery:Found 285 installed packages in /opt/ros/iron
[0.154s] Level 1:colcon.colcon_core.package_discovery:discover_packages(prefix_path) using defaults
[0.174s] Level 5:colcon.colcon_core.verb:set package 'pc_msg' build argument 'cmake_args' from command line to 'None'
[0.174s] Level 5:colcon.colcon_core.verb:set package 'pc_msg' build argument 'cmake_target' from command line to 'None'
[0.174s] Level 5:colcon.colcon_core.verb:set package 'pc_msg' build argument 'cmake_target_skip_unavailable' from command line to 'False'
[0.174s] Level 5:colcon.colcon_core.verb:set package 'pc_msg' build argument 'cmake_clean_cache' from command line to 'False'
[0.174s] Level 5:colcon.colcon_core.verb:set package 'pc_msg' build argument 'cmake_clean_first' from command line to 'False'
[0.174s] Level 5:colcon.colcon_core.verb:set package 'pc_msg' build argument 'cmake_force_configure' from command line to 'False'
[0.174s] Level 5:colcon.colcon_core.verb:set package 'pc_msg' build argument 'ament_cmake_args' from command line to 'None'
[0.174s] Level 5:colcon.colcon_core.verb:set package 'pc_msg' build argument 'catkin_cmake_args' from command line to 'None'
[0.174s] Level 5:colcon.colcon_core.verb:set package 'pc_msg' build argument 'catkin_skip_building_tests' from command line to 'False'
[0.174s] DEBUG:colcon.colcon_core.verb:Building package 'pc_msg' with the following arguments: {'ament_cmake_args': None, 'build_base': '/home/tyjt/message/pc_msg/build/pc_msg', 'catkin_cmake_args': None, 'catkin_skip_building_tests': False, 'cmake_args': None, 'cmake_clean_cache': False, 'cmake_clean_first': False, 'cmake_force_configure': False, 'cmake_target': None, 'cmake_target_skip_unavailable': False, 'install_base': '/home/tyjt/message/pc_msg/install/pc_msg', 'merge_install': False, 'path': '/home/tyjt/message/pc_msg', 'symlink_install': False, 'test_result_base': None}
[0.174s] INFO:colcon.colcon_core.executor:Executing jobs using 'parallel' executor
[0.174s] DEBUG:colcon.colcon_parallel_executor.executor.parallel:run_until_complete
[0.175s] INFO:colcon.colcon_ros.task.ament_cmake.build:Building ROS package in '/home/tyjt/message/pc_msg' with build type 'ament_cmake'
[0.175s] INFO:colcon.colcon_cmake.task.cmake.build:Building CMake package in '/home/tyjt/message/pc_msg'
[0.176s] INFO:colcon.colcon_core.plugin_system:Skipping extension 'colcon_core.shell.bat': Not used on non-Windows systems
[0.176s] INFO:colcon.colcon_core.shell:Skip shell extension 'powershell' for command environment: Not usable outside of PowerShell
[0.176s] DEBUG:colcon.colcon_core.shell:Skip shell extension 'dsv' for command environment
[0.180s] DEBUG:colcon.colcon_core.event_handler.log_command:Invoking command in '/home/tyjt/message/pc_msg/build/pc_msg': CMAKE_PREFIX_PATH=/opt/ros/iron /usr/bin/cmake /home/tyjt/message/pc_msg -DCMAKE_INSTALL_PREFIX=/home/tyjt/message/pc_msg/install/pc_msg
[1.449s] DEBUG:colcon.colcon_core.event_handler.log_command:Invoked command in '/home/tyjt/message/pc_msg/build/pc_msg' returned '0': CMAKE_PREFIX_PATH=/opt/ros/iron /usr/bin/cmake /home/tyjt/message/pc_msg -DCMAKE_INSTALL_PREFIX=/home/tyjt/message/pc_msg/install/pc_msg
[1.450s] DEBUG:colcon.colcon_core.event_handler.log_command:Invoking command in '/home/tyjt/message/pc_msg/build/pc_msg': CMAKE_PREFIX_PATH=/opt/ros/iron /usr/bin/cmake --build /home/tyjt/message/pc_msg/build/pc_msg -- -j20 -l20
[2.652s] DEBUG:colcon.colcon_core.event_handler.log_command:Invoked command in '/home/tyjt/message/pc_msg/build/pc_msg' returned '0': CMAKE_PREFIX_PATH=/opt/ros/iron /usr/bin/cmake --build /home/tyjt/message/pc_msg/build/pc_msg -- -j20 -l20
[2.716s] DEBUG:colcon.colcon_core.event_handler.log_command:Invoking command in '/home/tyjt/message/pc_msg/build/pc_msg': CMAKE_PREFIX_PATH=/opt/ros/iron /usr/bin/cmake --install /home/tyjt/message/pc_msg/build/pc_msg
[2.757s] Level 1:colcon.colcon_core.environment:create_environment_scripts_only(pc_msg)
[2.758s] DEBUG:colcon.colcon_core.event_handler.log_command:Invoked command in '/home/tyjt/message/pc_msg/build/pc_msg' returned '0': CMAKE_PREFIX_PATH=/opt/ros/iron /usr/bin/cmake --install /home/tyjt/message/pc_msg/build/pc_msg
[2.758s] Level 1:colcon.colcon_core.environment:checking '/home/tyjt/message/pc_msg/install/pc_msg' for CMake module files
[2.759s] Level 1:colcon.colcon_core.environment:checking '/home/tyjt/message/pc_msg/install/pc_msg' for CMake config files
[2.759s] Level 1:colcon.colcon_core.shell:create_environment_hook('pc_msg', 'cmake_prefix_path')
[2.759s] INFO:colcon.colcon_core.shell:Creating environment hook '/home/tyjt/message/pc_msg/install/pc_msg/share/pc_msg/hook/cmake_prefix_path.ps1'
[2.769s] INFO:colcon.colcon_core.shell:Creating environment descriptor '/home/tyjt/message/pc_msg/install/pc_msg/share/pc_msg/hook/cmake_prefix_path.dsv'
[2.769s] INFO:colcon.colcon_core.shell:Creating environment hook '/home/tyjt/message/pc_msg/install/pc_msg/share/pc_msg/hook/cmake_prefix_path.sh'
[2.770s] Level 1:colcon.colcon_core.environment:checking '/home/tyjt/message/pc_msg/install/pc_msg/lib'
[2.771s] Level 1:colcon.colcon_core.shell:create_environment_hook('pc_msg', 'ld_library_path_lib')
[2.771s] INFO:colcon.colcon_core.shell:Creating environment hook '/home/tyjt/message/pc_msg/install/pc_msg/share/pc_msg/hook/ld_library_path_lib.ps1'
[2.771s] INFO:colcon.colcon_core.shell:Creating environment descriptor '/home/tyjt/message/pc_msg/install/pc_msg/share/pc_msg/hook/ld_library_path_lib.dsv'
[2.772s] INFO:colcon.colcon_core.shell:Creating environment hook '/home/tyjt/message/pc_msg/install/pc_msg/share/pc_msg/hook/ld_library_path_lib.sh'
[2.772s] Level 1:colcon.colcon_core.environment:checking '/home/tyjt/message/pc_msg/install/pc_msg/bin'
[2.772s] Level 1:colcon.colcon_core.environment:checking '/home/tyjt/message/pc_msg/install/pc_msg/lib/pkgconfig/pc_msg.pc'
[2.772s] Level 1:colcon.colcon_core.environment:checking '/home/tyjt/message/pc_msg/install/pc_msg/lib/python3.10/site-packages'
[2.772s] Level 1:colcon.colcon_core.shell:create_environment_hook('pc_msg', 'pythonpath')
[2.773s] INFO:colcon.colcon_core.shell:Creating environment hook '/home/tyjt/message/pc_msg/install/pc_msg/share/pc_msg/hook/pythonpath.ps1'
[2.773s] INFO:colcon.colcon_core.shell:Creating environment descriptor '/home/tyjt/message/pc_msg/install/pc_msg/share/pc_msg/hook/pythonpath.dsv'
[2.773s] INFO:colcon.colcon_core.shell:Creating environment hook '/home/tyjt/message/pc_msg/install/pc_msg/share/pc_msg/hook/pythonpath.sh'
[2.774s] Level 1:colcon.colcon_core.environment:checking '/home/tyjt/message/pc_msg/install/pc_msg/bin'
[2.774s] INFO:colcon.colcon_core.shell:Creating package script '/home/tyjt/message/pc_msg/install/pc_msg/share/pc_msg/package.ps1'
[2.775s] INFO:colcon.colcon_core.shell:Creating package descriptor '/home/tyjt/message/pc_msg/install/pc_msg/share/pc_msg/package.dsv'
[2.776s] INFO:colcon.colcon_core.shell:Creating package script '/home/tyjt/message/pc_msg/install/pc_msg/share/pc_msg/package.sh'
[2.777s] INFO:colcon.colcon_core.shell:Creating package script '/home/tyjt/message/pc_msg/install/pc_msg/share/pc_msg/package.bash'
[2.777s] INFO:colcon.colcon_core.shell:Creating package script '/home/tyjt/message/pc_msg/install/pc_msg/share/pc_msg/package.zsh'
[2.778s] Level 1:colcon.colcon_core.environment:create_file_with_runtime_dependencies(/home/tyjt/message/pc_msg/install/pc_msg/share/colcon-core/packages/pc_msg)
[2.854s] Level 1:colcon.colcon_core.environment:create_environment_scripts_only(pc_msg)
[2.854s] Level 1:colcon.colcon_core.environment:checking '/home/tyjt/message/pc_msg/install/pc_msg' for CMake module files
[2.855s] Level 1:colcon.colcon_core.environment:checking '/home/tyjt/message/pc_msg/install/pc_msg' for CMake config files
[2.855s] Level 1:colcon.colcon_core.shell:create_environment_hook('pc_msg', 'cmake_prefix_path')
[2.855s] INFO:colcon.colcon_core.shell:Creating environment hook '/home/tyjt/message/pc_msg/install/pc_msg/share/pc_msg/hook/cmake_prefix_path.ps1'
[2.856s] INFO:colcon.colcon_core.shell:Creating environment descriptor '/home/tyjt/message/pc_msg/install/pc_msg/share/pc_msg/hook/cmake_prefix_path.dsv'
[2.856s] INFO:colcon.colcon_core.shell:Creating environment hook '/home/tyjt/message/pc_msg/install/pc_msg/share/pc_msg/hook/cmake_prefix_path.sh'
[2.857s] Level 1:colcon.colcon_core.environment:checking '/home/tyjt/message/pc_msg/install/pc_msg/lib'
[2.857s] Level 1:colcon.colcon_core.shell:create_environment_hook('pc_msg', 'ld_library_path_lib')
[2.857s] INFO:colcon.colcon_core.shell:Creating environment hook '/home/tyjt/message/pc_msg/install/pc_msg/share/pc_msg/hook/ld_library_path_lib.ps1'
[2.858s] INFO:colcon.colcon_core.shell:Creating environment descriptor '/home/tyjt/message/pc_msg/install/pc_msg/share/pc_msg/hook/ld_library_path_lib.dsv'
[2.858s] INFO:colcon.colcon_core.shell:Creating environment hook '/home/tyjt/message/pc_msg/install/pc_msg/share/pc_msg/hook/ld_library_path_lib.sh'
[2.859s] Level 1:colcon.colcon_core.environment:checking '/home/tyjt/message/pc_msg/install/pc_msg/bin'
[2.859s] Level 1:colcon.colcon_core.environment:checking '/home/tyjt/message/pc_msg/install/pc_msg/lib/pkgconfig/pc_msg.pc'
[2.859s] Level 1:colcon.colcon_core.environment:checking '/home/tyjt/message/pc_msg/install/pc_msg/lib/python3.10/site-packages'
[2.859s] Level 1:colcon.colcon_core.shell:create_environment_hook('pc_msg', 'pythonpath')
[2.859s] INFO:colcon.colcon_core.shell:Creating environment hook '/home/tyjt/message/pc_msg/install/pc_msg/share/pc_msg/hook/pythonpath.ps1'
[2.860s] INFO:colcon.colcon_core.shell:Creating environment descriptor '/home/tyjt/message/pc_msg/install/pc_msg/share/pc_msg/hook/pythonpath.dsv'
[2.860s] INFO:colcon.colcon_core.shell:Creating environment hook '/home/tyjt/message/pc_msg/install/pc_msg/share/pc_msg/hook/pythonpath.sh'
[2.861s] Level 1:colcon.colcon_core.environment:checking '/home/tyjt/message/pc_msg/install/pc_msg/bin'
[2.861s] INFO:colcon.colcon_core.shell:Creating package script '/home/tyjt/message/pc_msg/install/pc_msg/share/pc_msg/package.ps1'
[2.862s] INFO:colcon.colcon_core.shell:Creating package descriptor '/home/tyjt/message/pc_msg/install/pc_msg/share/pc_msg/package.dsv'
[2.863s] INFO:colcon.colcon_core.shell:Creating package script '/home/tyjt/message/pc_msg/install/pc_msg/share/pc_msg/package.sh'
[2.863s] INFO:colcon.colcon_core.shell:Creating package script '/home/tyjt/message/pc_msg/install/pc_msg/share/pc_msg/package.bash'
[2.864s] INFO:colcon.colcon_core.shell:Creating package script '/home/tyjt/message/pc_msg/install/pc_msg/share/pc_msg/package.zsh'
[2.864s] Level 1:colcon.colcon_core.environment:create_file_with_runtime_dependencies(/home/tyjt/message/pc_msg/install/pc_msg/share/colcon-core/packages/pc_msg)
[2.864s] DEBUG:colcon.colcon_parallel_executor.executor.parallel:closing loop
[2.864s] DEBUG:colcon.colcon_parallel_executor.executor.parallel:loop closed
[2.864s] DEBUG:colcon.colcon_parallel_executor.executor.parallel:run_until_complete finished with '0'
[2.864s] DEBUG:colcon.colcon_core.event_reactor:joining thread
[2.869s] INFO:colcon.colcon_core.plugin_system:Skipping extension 'colcon_notification.desktop_notification.terminal_notifier': Not used on non-Darwin systems
[2.869s] INFO:colcon.colcon_core.plugin_system:Skipping extension 'colcon_notification.desktop_notification.win32': Not used on non-Windows systems
[2.869s] INFO:colcon.colcon_notification.desktop_notification:Sending desktop notification using 'notify2'
[2.884s] DEBUG:colcon.colcon_core.event_reactor:joined thread
[2.885s] INFO:colcon.colcon_core.shell:Creating prefix script '/home/tyjt/message/pc_msg/install/local_setup.ps1'
[2.886s] INFO:colcon.colcon_core.shell:Creating prefix util module '/home/tyjt/message/pc_msg/install/_local_setup_util_ps1.py'
[2.887s] INFO:colcon.colcon_core.shell:Creating prefix chain script '/home/tyjt/message/pc_msg/install/setup.ps1'
[2.887s] INFO:colcon.colcon_core.shell:Creating prefix script '/home/tyjt/message/pc_msg/install/local_setup.sh'
[2.888s] INFO:colcon.colcon_core.shell:Creating prefix util module '/home/tyjt/message/pc_msg/install/_local_setup_util_sh.py'
[2.888s] INFO:colcon.colcon_core.shell:Creating prefix chain script '/home/tyjt/message/pc_msg/install/setup.sh'
[2.889s] INFO:colcon.colcon_core.shell:Creating prefix script '/home/tyjt/message/pc_msg/install/local_setup.bash'
[2.890s] INFO:colcon.colcon_core.shell:Creating prefix chain script '/home/tyjt/message/pc_msg/install/setup.bash'
[2.891s] INFO:colcon.colcon_core.shell:Creating prefix script '/home/tyjt/message/pc_msg/install/local_setup.zsh'
[2.891s] INFO:colcon.colcon_core.shell:Creating prefix chain script '/home/tyjt/message/pc_msg/install/setup.zsh'
